<?xml version="1.0" encoding="UTF-8"?>
<!-- Generated by org.testng.reporters.JUnitReportReporter -->
<testsuite skipped="0" hostname="DESKTOP-1FPSSPO" name="testCases.TC_VideoGameAPI" tests="5" failures="0" timestamp="2021-08-17T14:43:29 PDT" time="5.918" errors="0">
  <testcase name="test_getAllVideoGames" time="1.732" classname="testCases.TC_VideoGameAPI"/>
  <system-out/>
  <testcase name="test_addNewVideoGame" time="0.453" classname="testCases.TC_VideoGameAPI"/>
  <system-out/>
  <testcase name="test_getVideoGame" time="0.647" classname="testCases.TC_VideoGameAPI"/>
  <system-out/>
  <testcase name="test_UpdateVideoGame" time="0.061" classname="testCases.TC_VideoGameAPI"/>
  <system-out/>
  <testcase name="test_DeleteVideoGame" time="3.025" classname="testCases.TC_VideoGameAPI"/>
  <system-out/>
</testsuite> <!-- testCases.TC_VideoGameAPI -->
